Arguments: 
  C:\Program Files\nodejs\node.exe C:\Users\yandu\AppData\Roaming\npm\node_modules\yarn\bin\yarn.js start

PATH: 
  C:\Program Files\Git\mingw64\bin;C:\Program Files\Git\usr\bin;C:\Users\yandu\bin;C:\ProgramData\Oracle\Java\javapath;C:\Windows\system32;C:\Windows;C:\Windows\System32\Wbem;C:\Windows\System32\WindowsPowerShell\v1.0;C:\Program Files\NVIDIA Corporation\NVSMI;C:\Program Files\PuTTY;C:\Program Files\nodejs;C:\Program Files (x86)\NVIDIA Corporation\PhysX\Common;C:\Go\bin;C:\Program Files\Git\cmd;C:\Program Files\Git\mingw64\bin;C:\Program Files\Git\usr\bin;C:\ProgramData\chocolatey\bin;C:\Program Files\Java\jdk1.8.0_162\bin;C:\Users\yandu\AppData\Local\Programs\Python\Python36-32\Scripts;C:\Users\yandu\AppData\Local\Programs\Python\Python36-32;C:\Users\yandu\AppData\Local\Programs\Python\Python36\Scripts;C:\Users\yandu\AppData\Local\Programs\Python\Python36;C:\Users\yandu\.cargo\bin;C:\Users\yandu\AppData\Local\Microsoft\WindowsApps;C:\Program Files\Microsoft VS Code\bin;C:\Users\yandu\AppData\Roaming\npm;C:\Users\yandu\Documents\Outils\Cmder\vendor\git-for-windows\bin\git.exe

Yarn version: 
  1.5.1

Node version: 
  9.10.1

Platform: 
  win32 x64

npm manifest: 
  No manifest

yarn manifest: 
  No manifest

Lockfile: 
  No lockfile

Trace: 
  Error: Couldn't find a package.json file in "C:\\Users\\yandu\\Videos\\React dans tous ses recoins\\Module 7 - Introduction au projet\\Projet\\instagrim"
      at new MessageError (C:\Users\yandu\AppData\Roaming\npm\node_modules\yarn\lib\cli.js:186:110)
      at C:\Users\yandu\AppData\Roaming\npm\node_modules\yarn\lib\cli.js:40048:15
      at Generator.next (<anonymous>)
      at step (C:\Users\yandu\AppData\Roaming\npm\node_modules\yarn\lib\cli.js:98:30)
      at C:\Users\yandu\AppData\Roaming\npm\node_modules\yarn\lib\cli.js:109:13
      at <anonymous>
